sdk/build/intermediates/manifest_merge_blame_file/debug/processDebugManifest/manifest-merger-blame-debug-report.txt
1<?xml version="1.0" encoding="utf-8"?>
2<manifest xmlns:android="http://schemas.android.com/apk/res/android"
3    package="co.qredet.sdk" >
4
5    <uses-sdk android:minSdkVersion="21" />
6
7    <uses-permission android:name="android.permission.INTERNET" />
7-->src/main/AndroidManifest.xml:4:5-66
7-->src/main/AndroidManifest.xml:4:22-64
8    <uses-permission android:name="android.permission.NFC" />
8-->src/main/AndroidManifest.xml:5:5-62
8-->src/main/AndroidManifest.xml:5:22-59
9    <uses-permission android:name="android.permission.VIBRATE" />
9-->src/main/AndroidManifest.xml:6:5-66
9-->src/main/AndroidManifest.xml:6:22-63
10
11    <uses-feature
11-->src/main/AndroidManifest.xml:7:5-82
12        android:name="android.hardware.nfc"
12-->src/main/AndroidManifest.xml:7:19-54
13        android:required="false" />
13-->src/main/AndroidManifest.xml:7:55-79
14    <uses-feature
14-->src/main/AndroidManifest.xml:8:5-86
15        android:name="android.hardware.nfc.hce"
15-->src/main/AndroidManifest.xml:8:19-58
16        android:required="false" />
16-->src/main/AndroidManifest.xml:8:59-83
17
18    <application>
18-->src/main/AndroidManifest.xml:10:5-31:19
19        <activity
19-->src/main/AndroidManifest.xml:11:9-16:20
20            android:name="co.qredet.sdk.nfc.Nfc"
20-->src/main/AndroidManifest.xml:12:13-36
21            android:exported="true"
21-->src/main/AndroidManifest.xml:15:13-36
22            android:launchMode="singleTop"
22-->src/main/AndroidManifest.xml:13:13-43
23            android:theme="@android:style/Theme.Translucent.NoTitleBar" >
23-->src/main/AndroidManifest.xml:14:13-72
24        </activity>
25
26        <service
26-->src/main/AndroidManifest.xml:17:9-30:19
27            android:name="co.qredet.sdk.cardEmulation.QHostApduService"
27-->src/main/AndroidManifest.xml:17:18-64
28            android:enabled="true"
28-->src/main/AndroidManifest.xml:19:13-35
29            android:exported="true"
29-->src/main/AndroidManifest.xml:18:13-36
30            android:permission="android.permission.BIND_NFC_SERVICE" >
30-->src/main/AndroidManifest.xml:20:13-69
31
32            <!-- Intent filter indicating that we support card emulation. -->
33            <intent-filter>
33-->src/main/AndroidManifest.xml:22:13-25:29
34                <action android:name="android.nfc.cardemulation.action.HOST_APDU_SERVICE" />
34-->src/main/AndroidManifest.xml:23:17-92
34-->src/main/AndroidManifest.xml:23:25-90
35
36                <category android:name="android.intent.category.DEFAULT" />
36-->src/main/AndroidManifest.xml:24:17-75
36-->src/main/AndroidManifest.xml:24:27-73
37            </intent-filter>
38            <!--
39                 Required XML configuration file, listing the AIDs that we are emulating cards
40                 for. This defines what protocols our card emulation service supports.
41            -->
42            <meta-data
42-->src/main/AndroidManifest.xml:28:13-29:54
43                android:name="android.nfc.cardemulation.host_apdu_service"
43-->src/main/AndroidManifest.xml:28:24-82
44                android:resource="@xml/apduservice" />
44-->src/main/AndroidManifest.xml:29:17-52
45        </service>
46    </application>
47
48</manifest>